c:\users\shinelon\desktop\intersect\intersect\consoleapplication2\consoleapplication2\debug\vc142.pdb
c:\users\shinelon\desktop\intersect\intersect\consoleapplication2\consoleapplication2\debug\vc142.idb
c:\users\shinelon\desktop\intersect\intersect\consoleapplication2\consoleapplication2\debug\point.nativecodeanalysis.sarif
c:\users\shinelon\desktop\intersect\intersect\consoleapplication2\consoleapplication2\debug\point.nativecodeanalysis.xml
c:\users\shinelon\desktop\intersect\intersect\consoleapplication2\consoleapplication2\debug\line.nativecodeanalysis.sarif
c:\users\shinelon\desktop\intersect\intersect\consoleapplication2\consoleapplication2\debug\line.nativecodeanalysis.xml
c:\users\shinelon\desktop\intersect\intersect\consoleapplication2\consoleapplication2\debug\main.nativecodeanalysis.sarif
c:\users\shinelon\desktop\intersect\intersect\consoleapplication2\consoleapplication2\debug\main.nativecodeanalysis.xml
c:\users\shinelon\desktop\intersect\intersect\consoleapplication2\consoleapplication2\debug\circle.nativecodeanalysis.sarif
c:\users\shinelon\desktop\intersect\intersect\consoleapplication2\consoleapplication2\debug\circle.nativecodeanalysis.xml
c:\users\shinelon\desktop\intersect\intersect\consoleapplication2\consoleapplication2\debug\circle.obj
c:\users\shinelon\desktop\intersect\intersect\consoleapplication2\consoleapplication2\debug\main.obj
c:\users\shinelon\desktop\intersect\intersect\consoleapplication2\consoleapplication2\debug\line.obj
c:\users\shinelon\desktop\intersect\intersect\consoleapplication2\consoleapplication2\debug\point.obj
c:\users\shinelon\desktop\intersect\intersect\consoleapplication2\debug\consoleapplication2.ilk
c:\users\shinelon\desktop\intersect\intersect\consoleapplication2\debug\consoleapplication2.exe
c:\users\shinelon\desktop\intersect\intersect\consoleapplication2\debug\consoleapplication2.pdb
c:\users\shinelon\desktop\intersect\intersect\consoleapplication2\consoleapplication2\debug\nativecodeanalysis.read.1.tlog
c:\users\shinelon\desktop\intersect\intersect\consoleapplication2\consoleapplication2\debug\vc.nativecodeanalysis.all.xml
c:\users\shinelon\desktop\intersect\intersect\consoleapplication2\debug\consoleapplication2.exe.lastcodeanalysissucceeded
c:\users\shinelon\desktop\intersect\intersect\consoleapplication2\consoleapplication2\debug\consolea.7a6ed189.tlog\cl.command.1.tlog
c:\users\shinelon\desktop\intersect\intersect\consoleapplication2\consoleapplication2\debug\consolea.7a6ed189.tlog\cl.read.1.tlog
c:\users\shinelon\desktop\intersect\intersect\consoleapplication2\consoleapplication2\debug\consolea.7a6ed189.tlog\cl.write.1.tlog
c:\users\shinelon\desktop\intersect\intersect\consoleapplication2\consoleapplication2\debug\consolea.7a6ed189.tlog\link.command.1.tlog
c:\users\shinelon\desktop\intersect\intersect\consoleapplication2\consoleapplication2\debug\consolea.7a6ed189.tlog\link.read.1.tlog
c:\users\shinelon\desktop\intersect\intersect\consoleapplication2\consoleapplication2\debug\consolea.7a6ed189.tlog\link.write.1.tlog
